[0.844s] Invoking command in '/home/fer18171/ros2_ws/src/rover_location_optitrack_pkg': PYTHONPATH=/home/fer18171/ros2_ws/install/rover_location_optitrack_pkg/lib/python3.8/site-packages:${PYTHONPATH} /usr/bin/python3 setup.py egg_info --egg-base ../../build/rover_location_optitrack_pkg build --build-base /home/fer18171/ros2_ws/build/rover_location_optitrack_pkg/build install --prefix /home/fer18171/ros2_ws/install/rover_location_optitrack_pkg --record /home/fer18171/ros2_ws/build/rover_location_optitrack_pkg/install.log --single-version-externally-managed
[1.056s] running egg_info
[1.057s] writing ../../build/rover_location_optitrack_pkg/rover_location_optitrack_pkg.egg-info/PKG-INFO
[1.063s] writing dependency_links to ../../build/rover_location_optitrack_pkg/rover_location_optitrack_pkg.egg-info/dependency_links.txt
[1.063s] writing entry points to ../../build/rover_location_optitrack_pkg/rover_location_optitrack_pkg.egg-info/entry_points.txt
[1.063s] writing requirements to ../../build/rover_location_optitrack_pkg/rover_location_optitrack_pkg.egg-info/requires.txt
[1.064s] writing top-level names to ../../build/rover_location_optitrack_pkg/rover_location_optitrack_pkg.egg-info/top_level.txt
[1.108s] reading manifest file '../../build/rover_location_optitrack_pkg/rover_location_optitrack_pkg.egg-info/SOURCES.txt'
[1.111s] writing manifest file '../../build/rover_location_optitrack_pkg/rover_location_optitrack_pkg.egg-info/SOURCES.txt'
[1.112s] running build
[1.112s] running build_py
[1.114s] copying rover_location_optitrack_pkg/optitrack_client.py -> /home/fer18171/ros2_ws/build/rover_location_optitrack_pkg/build/lib/rover_location_optitrack_pkg
[1.114s] running install
[1.115s] running install_lib
[1.116s] copying /home/fer18171/ros2_ws/build/rover_location_optitrack_pkg/build/lib/rover_location_optitrack_pkg/optitrack_client.py -> /home/fer18171/ros2_ws/install/rover_location_optitrack_pkg/lib/python3.8/site-packages/rover_location_optitrack_pkg
[1.117s] byte-compiling /home/fer18171/ros2_ws/install/rover_location_optitrack_pkg/lib/python3.8/site-packages/rover_location_optitrack_pkg/optitrack_client.py to optitrack_client.cpython-38.pyc
[1.119s] running install_data
[1.120s] running install_egg_info
[1.121s] removing '/home/fer18171/ros2_ws/install/rover_location_optitrack_pkg/lib/python3.8/site-packages/rover_location_optitrack_pkg-0.0.0-py3.8.egg-info' (and everything under it)
[1.123s] Copying ../../build/rover_location_optitrack_pkg/rover_location_optitrack_pkg.egg-info to /home/fer18171/ros2_ws/install/rover_location_optitrack_pkg/lib/python3.8/site-packages/rover_location_optitrack_pkg-0.0.0-py3.8.egg-info
[1.125s] running install_scripts
[1.143s] Installing optitrack_client script to /home/fer18171/ros2_ws/install/rover_location_optitrack_pkg/lib/rover_location_optitrack_pkg
[1.145s] writing list of installed files to '/home/fer18171/ros2_ws/build/rover_location_optitrack_pkg/install.log'
[1.170s] Invoked command in '/home/fer18171/ros2_ws/src/rover_location_optitrack_pkg' returned '0': PYTHONPATH=/home/fer18171/ros2_ws/install/rover_location_optitrack_pkg/lib/python3.8/site-packages:${PYTHONPATH} /usr/bin/python3 setup.py egg_info --egg-base ../../build/rover_location_optitrack_pkg build --build-base /home/fer18171/ros2_ws/build/rover_location_optitrack_pkg/build install --prefix /home/fer18171/ros2_ws/install/rover_location_optitrack_pkg --record /home/fer18171/ros2_ws/build/rover_location_optitrack_pkg/install.log --single-version-externally-managed
