[0.511s] Invoking command in '/home/fer18171/ros2_ws/src/rover_location_optitrack_pkg': PYTHONPATH=/home/fer18171/ros2_ws/install/rover_location_optitrack_pkg/lib/python3.8/site-packages:${PYTHONPATH} /usr/bin/python3 setup.py egg_info --egg-base ../../build/rover_location_optitrack_pkg build --build-base /home/fer18171/ros2_ws/build/rover_location_optitrack_pkg/build install --prefix /home/fer18171/ros2_ws/install/rover_location_optitrack_pkg --record /home/fer18171/ros2_ws/build/rover_location_optitrack_pkg/install.log --single-version-externally-managed
[0.625s] running egg_info
[0.626s] writing ../../build/rover_location_optitrack_pkg/rover_location_optitrack_pkg.egg-info/PKG-INFO
[0.629s] writing dependency_links to ../../build/rover_location_optitrack_pkg/rover_location_optitrack_pkg.egg-info/dependency_links.txt
[0.630s] writing entry points to ../../build/rover_location_optitrack_pkg/rover_location_optitrack_pkg.egg-info/entry_points.txt
[0.630s] writing requirements to ../../build/rover_location_optitrack_pkg/rover_location_optitrack_pkg.egg-info/requires.txt
[0.630s] writing top-level names to ../../build/rover_location_optitrack_pkg/rover_location_optitrack_pkg.egg-info/top_level.txt
[0.655s] reading manifest file '../../build/rover_location_optitrack_pkg/rover_location_optitrack_pkg.egg-info/SOURCES.txt'
[0.655s] writing manifest file '../../build/rover_location_optitrack_pkg/rover_location_optitrack_pkg.egg-info/SOURCES.txt'
[0.655s] running build
[0.655s] running build_py
[0.658s] copying rover_location_optitrack_pkg/optitrack_client.py -> /home/fer18171/ros2_ws/build/rover_location_optitrack_pkg/build/lib/rover_location_optitrack_pkg
[0.658s] running install
[0.659s] running install_lib
[0.659s] copying /home/fer18171/ros2_ws/build/rover_location_optitrack_pkg/build/lib/rover_location_optitrack_pkg/optitrack_client.py -> /home/fer18171/ros2_ws/install/rover_location_optitrack_pkg/lib/python3.8/site-packages/rover_location_optitrack_pkg
[0.660s] byte-compiling /home/fer18171/ros2_ws/install/rover_location_optitrack_pkg/lib/python3.8/site-packages/rover_location_optitrack_pkg/optitrack_client.py to optitrack_client.cpython-38.pyc
[0.661s] running install_data
[0.661s] running install_egg_info
[0.663s] removing '/home/fer18171/ros2_ws/install/rover_location_optitrack_pkg/lib/python3.8/site-packages/rover_location_optitrack_pkg-0.0.0-py3.8.egg-info' (and everything under it)
[0.663s] Copying ../../build/rover_location_optitrack_pkg/rover_location_optitrack_pkg.egg-info to /home/fer18171/ros2_ws/install/rover_location_optitrack_pkg/lib/python3.8/site-packages/rover_location_optitrack_pkg-0.0.0-py3.8.egg-info
[0.664s] running install_scripts
[0.675s] Installing optitrack_client script to /home/fer18171/ros2_ws/install/rover_location_optitrack_pkg/lib/rover_location_optitrack_pkg
[0.675s] writing list of installed files to '/home/fer18171/ros2_ws/build/rover_location_optitrack_pkg/install.log'
[0.690s] Invoked command in '/home/fer18171/ros2_ws/src/rover_location_optitrack_pkg' returned '0': PYTHONPATH=/home/fer18171/ros2_ws/install/rover_location_optitrack_pkg/lib/python3.8/site-packages:${PYTHONPATH} /usr/bin/python3 setup.py egg_info --egg-base ../../build/rover_location_optitrack_pkg build --build-base /home/fer18171/ros2_ws/build/rover_location_optitrack_pkg/build install --prefix /home/fer18171/ros2_ws/install/rover_location_optitrack_pkg --record /home/fer18171/ros2_ws/build/rover_location_optitrack_pkg/install.log --single-version-externally-managed
